mode: atomic
github.com/Waqas-Shah-42/Links-R-Us/linkgraph/store/memory/iterator.go:14.36,15.32 1 1661
github.com/Waqas-Shah-42/Links-R-Us/linkgraph/store/memory/iterator.go:18.2,19.13 2 1606
github.com/Waqas-Shah-42/Links-R-Us/linkgraph/store/memory/iterator.go:15.32,17.3 1 55
github.com/Waqas-Shah-42/Links-R-Us/linkgraph/store/memory/iterator.go:22.43,28.2 5 1606
github.com/Waqas-Shah-42/Links-R-Us/linkgraph/store/memory/iterator.go:31.38,33.2 1 65
github.com/Waqas-Shah-42/Links-R-Us/linkgraph/store/memory/iterator.go:36.38,38.2 1 34
github.com/Waqas-Shah-42/Links-R-Us/linkgraph/store/memory/iterator.go:48.36,49.32 1 1341
github.com/Waqas-Shah-42/Links-R-Us/linkgraph/store/memory/iterator.go:52.2,53.13 2 1306
github.com/Waqas-Shah-42/Links-R-Us/linkgraph/store/memory/iterator.go:49.32,51.3 1 35
github.com/Waqas-Shah-42/Links-R-Us/linkgraph/store/memory/iterator.go:57.38,59.2 1 34
github.com/Waqas-Shah-42/Links-R-Us/linkgraph/store/memory/iterator.go:62.38,64.2 1 66
github.com/Waqas-Shah-42/Links-R-Us/linkgraph/store/memory/iterator.go:67.43,75.2 5 1306
github.com/Waqas-Shah-42/Links-R-Us/linkgraph/store/memory/memory.go:28.40,35.2 1 10
github.com/Waqas-Shah-42/Links-R-Us/linkgraph/store/memory/memory.go:38.60,44.59 3 1014
github.com/Waqas-Shah-42/Links-R-Us/linkgraph/store/memory/memory.go:56.2,56.6 1 1012
github.com/Waqas-Shah-42/Links-R-Us/linkgraph/store/memory/memory.go:63.2,67.12 5 1012
github.com/Waqas-Shah-42/Links-R-Us/linkgraph/store/memory/memory.go:44.59,49.41 4 2
github.com/Waqas-Shah-42/Links-R-Us/linkgraph/store/memory/memory.go:52.3,52.13 1 2
github.com/Waqas-Shah-42/Links-R-Us/linkgraph/store/memory/memory.go:49.41,51.4 1 1
github.com/Waqas-Shah-42/Links-R-Us/linkgraph/store/memory/memory.go:56.6,58.30 2 1012
github.com/Waqas-Shah-42/Links-R-Us/linkgraph/store/memory/memory.go:58.30,59.9 1 1012
github.com/Waqas-Shah-42/Links-R-Us/linkgraph/store/memory/memory.go:70.60,77.30 5 406
github.com/Waqas-Shah-42/Links-R-Us/linkgraph/store/memory/memory.go:82.2,82.49 1 405
github.com/Waqas-Shah-42/Links-R-Us/linkgraph/store/memory/memory.go:91.2,91.6 1 404
github.com/Waqas-Shah-42/Links-R-Us/linkgraph/store/memory/memory.go:98.2,105.12 6 404
github.com/Waqas-Shah-42/Links-R-Us/linkgraph/store/memory/memory.go:77.30,79.3 1 1
github.com/Waqas-Shah-42/Links-R-Us/linkgraph/store/memory/memory.go:82.49,84.67 2 29804
github.com/Waqas-Shah-42/Links-R-Us/linkgraph/store/memory/memory.go:84.67,88.4 3 1
github.com/Waqas-Shah-42/Links-R-Us/linkgraph/store/memory/memory.go:91.6,93.30 2 404
github.com/Waqas-Shah-42/Links-R-Us/linkgraph/store/memory/memory.go:93.30,94.9 1 404
github.com/Waqas-Shah-42/Links-R-Us/linkgraph/store/memory/memory.go:108.69,114.17 4 4
github.com/Waqas-Shah-42/Links-R-Us/linkgraph/store/memory/memory.go:118.2,120.19 3 3
github.com/Waqas-Shah-42/Links-R-Us/linkgraph/store/memory/memory.go:114.17,116.3 1 1
github.com/Waqas-Shah-42/Links-R-Us/linkgraph/store/memory/memory.go:123.110,128.36 4 55
github.com/Waqas-Shah-42/Links-R-Us/linkgraph/store/memory/memory.go:133.2,135.46 2 55
github.com/Waqas-Shah-42/Links-R-Us/linkgraph/store/memory/memory.go:128.36,129.95 1 7309
github.com/Waqas-Shah-42/Links-R-Us/linkgraph/store/memory/memory.go:129.95,131.4 1 1606
github.com/Waqas-Shah-42/Links-R-Us/linkgraph/store/memory/memory.go:139.108,144.30 4 35
github.com/Waqas-Shah-42/Links-R-Us/linkgraph/store/memory/memory.go:155.2,157.46 2 35
github.com/Waqas-Shah-42/Links-R-Us/linkgraph/store/memory/memory.go:144.30,145.51 1 6609
github.com/Waqas-Shah-42/Links-R-Us/linkgraph/store/memory/memory.go:149.3,149.48 1 2809
github.com/Waqas-Shah-42/Links-R-Us/linkgraph/store/memory/memory.go:145.51,146.12 1 3800
github.com/Waqas-Shah-42/Links-R-Us/linkgraph/store/memory/memory.go:149.48,150.69 1 1309
github.com/Waqas-Shah-42/Links-R-Us/linkgraph/store/memory/memory.go:150.69,152.5 1 1306
github.com/Waqas-Shah-42/Links-R-Us/linkgraph/store/memory/memory.go:162.91,167.47 4 1
github.com/Waqas-Shah-42/Links-R-Us/linkgraph/store/memory/memory.go:178.2,179.12 2 1
github.com/Waqas-Shah-42/Links-R-Us/linkgraph/store/memory/memory.go:167.47,169.43 2 200
github.com/Waqas-Shah-42/Links-R-Us/linkgraph/store/memory/memory.go:174.3,174.44 1 100
github.com/Waqas-Shah-42/Links-R-Us/linkgraph/store/memory/memory.go:169.43,171.12 2 100
github.com/Waqas-Shah-42/Links-R-Us/linkgraph/store/cdb/cdb.go:42.65,44.16 2 1
github.com/Waqas-Shah-42/Links-R-Us/linkgraph/store/cdb/cdb.go:48.2,48.39 1 1
github.com/Waqas-Shah-42/Links-R-Us/linkgraph/store/cdb/cdb.go:44.16,46.3 1 0
github.com/Waqas-Shah-42/Links-R-Us/linkgraph/store/cdb/cdb.go:52.42,54.2 1 0
github.com/Waqas-Shah-42/Links-R-Us/linkgraph/store/cdb/cdb.go:57.63,59.62 2 1014
github.com/Waqas-Shah-42/Links-R-Us/linkgraph/store/cdb/cdb.go:63.2,64.12 2 1014
github.com/Waqas-Shah-42/Links-R-Us/linkgraph/store/cdb/cdb.go:59.62,61.3 1 0
github.com/Waqas-Shah-42/Links-R-Us/linkgraph/store/cdb/cdb.go:68.72,71.63 3 4
github.com/Waqas-Shah-42/Links-R-Us/linkgraph/store/cdb/cdb.go:79.2,80.18 2 3
github.com/Waqas-Shah-42/Links-R-Us/linkgraph/store/cdb/cdb.go:71.63,72.27 1 1
github.com/Waqas-Shah-42/Links-R-Us/linkgraph/store/cdb/cdb.go:76.3,76.51 1 0
github.com/Waqas-Shah-42/Links-R-Us/linkgraph/store/cdb/cdb.go:72.27,74.4 1 1
github.com/Waqas-Shah-42/Links-R-Us/linkgraph/store/cdb/cdb.go:85.112,87.16 2 55
github.com/Waqas-Shah-42/Links-R-Us/linkgraph/store/cdb/cdb.go:91.2,91.39 1 55
github.com/Waqas-Shah-42/Links-R-Us/linkgraph/store/cdb/cdb.go:87.16,89.3 1 0
github.com/Waqas-Shah-42/Links-R-Us/linkgraph/store/cdb/cdb.go:95.63,97.60 2 406
github.com/Waqas-Shah-42/Links-R-Us/linkgraph/store/cdb/cdb.go:104.2,105.12 2 405
github.com/Waqas-Shah-42/Links-R-Us/linkgraph/store/cdb/cdb.go:97.60,98.38 1 1
github.com/Waqas-Shah-42/Links-R-Us/linkgraph/store/cdb/cdb.go:101.3,101.48 1 1
github.com/Waqas-Shah-42/Links-R-Us/linkgraph/store/cdb/cdb.go:98.38,100.4 1 1
github.com/Waqas-Shah-42/Links-R-Us/linkgraph/store/cdb/cdb.go:111.111,113.16 2 35
github.com/Waqas-Shah-42/Links-R-Us/linkgraph/store/cdb/cdb.go:117.2,117.39 1 35
github.com/Waqas-Shah-42/Links-R-Us/linkgraph/store/cdb/cdb.go:113.16,115.3 1 0
github.com/Waqas-Shah-42/Links-R-Us/linkgraph/store/cdb/cdb.go:122.94,124.16 2 1
github.com/Waqas-Shah-42/Links-R-Us/linkgraph/store/cdb/cdb.go:128.2,128.12 1 1
github.com/Waqas-Shah-42/Links-R-Us/linkgraph/store/cdb/cdb.go:124.16,126.3 1 0
github.com/Waqas-Shah-42/Links-R-Us/linkgraph/store/cdb/cdb.go:133.49,135.12 2 1
github.com/Waqas-Shah-42/Links-R-Us/linkgraph/store/cdb/cdb.go:139.2,139.53 1 1
github.com/Waqas-Shah-42/Links-R-Us/linkgraph/store/cdb/cdb.go:135.12,137.3 1 0
github.com/Waqas-Shah-42/Links-R-Us/linkgraph/store/cdb/iterator.go:18.36,19.40 1 1661
github.com/Waqas-Shah-42/Links-R-Us/linkgraph/store/cdb/iterator.go:23.2,25.22 3 1606
github.com/Waqas-Shah-42/Links-R-Us/linkgraph/store/cdb/iterator.go:28.2,31.13 3 1606
github.com/Waqas-Shah-42/Links-R-Us/linkgraph/store/cdb/iterator.go:19.40,21.3 1 55
github.com/Waqas-Shah-42/Links-R-Us/linkgraph/store/cdb/iterator.go:25.22,27.3 1 0
github.com/Waqas-Shah-42/Links-R-Us/linkgraph/store/cdb/iterator.go:35.38,37.2 1 34
github.com/Waqas-Shah-42/Links-R-Us/linkgraph/store/cdb/iterator.go:40.38,42.16 2 65
github.com/Waqas-Shah-42/Links-R-Us/linkgraph/store/cdb/iterator.go:45.2,45.12 1 65
github.com/Waqas-Shah-42/Links-R-Us/linkgraph/store/cdb/iterator.go:42.16,44.3 1 0
github.com/Waqas-Shah-42/Links-R-Us/linkgraph/store/cdb/iterator.go:49.43,51.2 1 1606
github.com/Waqas-Shah-42/Links-R-Us/linkgraph/store/cdb/iterator.go:61.36,62.40 1 1341
github.com/Waqas-Shah-42/Links-R-Us/linkgraph/store/cdb/iterator.go:66.2,68.22 3 1306
github.com/Waqas-Shah-42/Links-R-Us/linkgraph/store/cdb/iterator.go:71.2,74.13 3 1306
github.com/Waqas-Shah-42/Links-R-Us/linkgraph/store/cdb/iterator.go:62.40,64.3 1 35
github.com/Waqas-Shah-42/Links-R-Us/linkgraph/store/cdb/iterator.go:68.22,70.3 1 0
github.com/Waqas-Shah-42/Links-R-Us/linkgraph/store/cdb/iterator.go:78.38,80.2 1 34
github.com/Waqas-Shah-42/Links-R-Us/linkgraph/store/cdb/iterator.go:83.38,85.16 2 66
github.com/Waqas-Shah-42/Links-R-Us/linkgraph/store/cdb/iterator.go:88.2,88.12 1 66
github.com/Waqas-Shah-42/Links-R-Us/linkgraph/store/cdb/iterator.go:85.16,87.3 1 0
github.com/Waqas-Shah-42/Links-R-Us/linkgraph/store/cdb/iterator.go:92.43,94.2 1 1306
