mode: atomic
github.com/Waqas-Shah-42/Links-R-Us/textindexer/store/es/es.go:77.33,79.2 1 0
github.com/Waqas-Shah-42/Links-R-Us/textindexer/store/es/es.go:93.97,98.16 3 0
github.com/Waqas-Shah-42/Links-R-Us/textindexer/store/es/es.go:102.2,102.39 1 0
github.com/Waqas-Shah-42/Links-R-Us/textindexer/store/es/es.go:106.2,107.17 2 0
github.com/Waqas-Shah-42/Links-R-Us/textindexer/store/es/es.go:111.2,114.8 1 0
github.com/Waqas-Shah-42/Links-R-Us/textindexer/store/es/es.go:98.16,100.3 1 0
github.com/Waqas-Shah-42/Links-R-Us/textindexer/store/es/es.go:102.39,104.3 1 0
github.com/Waqas-Shah-42/Links-R-Us/textindexer/store/es/es.go:107.17,109.3 1 0
github.com/Waqas-Shah-42/Links-R-Us/textindexer/store/es/es.go:119.65,120.28 1 0
github.com/Waqas-Shah-42/Links-R-Us/textindexer/store/es/es.go:124.2,132.61 3 0
github.com/Waqas-Shah-42/Links-R-Us/textindexer/store/es/es.go:136.2,137.16 2 0
github.com/Waqas-Shah-42/Links-R-Us/textindexer/store/es/es.go:141.2,142.58 2 0
github.com/Waqas-Shah-42/Links-R-Us/textindexer/store/es/es.go:146.2,146.12 1 0
github.com/Waqas-Shah-42/Links-R-Us/textindexer/store/es/es.go:120.28,122.3 1 0
github.com/Waqas-Shah-42/Links-R-Us/textindexer/store/es/es.go:132.61,134.3 1 0
github.com/Waqas-Shah-42/Links-R-Us/textindexer/store/es/es.go:137.16,139.3 1 0
github.com/Waqas-Shah-42/Links-R-Us/textindexer/store/es/es.go:142.58,144.3 1 0
github.com/Waqas-Shah-42/Links-R-Us/textindexer/store/es/es.go:150.84,161.60 3 0
github.com/Waqas-Shah-42/Links-R-Us/textindexer/store/es/es.go:165.2,166.16 2 0
github.com/Waqas-Shah-42/Links-R-Us/textindexer/store/es/es.go:170.2,170.38 1 0
github.com/Waqas-Shah-42/Links-R-Us/textindexer/store/es/es.go:174.2,174.60 1 0
github.com/Waqas-Shah-42/Links-R-Us/textindexer/store/es/es.go:161.60,163.3 1 0
github.com/Waqas-Shah-42/Links-R-Us/textindexer/store/es/es.go:166.16,168.3 1 0
github.com/Waqas-Shah-42/Links-R-Us/textindexer/store/es/es.go:170.38,172.3 1 0
github.com/Waqas-Shah-42/Links-R-Us/textindexer/store/es/es.go:179.78,181.16 2 0
github.com/Waqas-Shah-42/Links-R-Us/textindexer/store/es/es.go:188.2,210.16 3 0
github.com/Waqas-Shah-42/Links-R-Us/textindexer/store/es/es.go:214.2,214.86 1 0
github.com/Waqas-Shah-42/Links-R-Us/textindexer/store/es/es.go:182.29,183.19 1 0
github.com/Waqas-Shah-42/Links-R-Us/textindexer/store/es/es.go:184.10,185.24 1 0
github.com/Waqas-Shah-42/Links-R-Us/textindexer/store/es/es.go:210.16,212.3 1 0
github.com/Waqas-Shah-42/Links-R-Us/textindexer/store/es/es.go:220.83,229.61 3 0
github.com/Waqas-Shah-42/Links-R-Us/textindexer/store/es/es.go:233.2,234.16 2 0
github.com/Waqas-Shah-42/Links-R-Us/textindexer/store/es/es.go:238.2,239.58 2 0
github.com/Waqas-Shah-42/Links-R-Us/textindexer/store/es/es.go:243.2,243.12 1 0
github.com/Waqas-Shah-42/Links-R-Us/textindexer/store/es/es.go:229.61,231.3 1 0
github.com/Waqas-Shah-42/Links-R-Us/textindexer/store/es/es.go:234.16,236.3 1 0
github.com/Waqas-Shah-42/Links-R-Us/textindexer/store/es/es.go:239.58,241.3 1 0
github.com/Waqas-Shah-42/Links-R-Us/textindexer/store/es/es.go:246.50,249.16 3 0
github.com/Waqas-Shah-42/Links-R-Us/textindexer/store/es/es.go:259.2,259.12 1 0
github.com/Waqas-Shah-42/Links-R-Us/textindexer/store/es/es.go:249.16,251.3 1 0
github.com/Waqas-Shah-42/Links-R-Us/textindexer/store/es/es.go:251.8,251.26 1 0
github.com/Waqas-Shah-42/Links-R-Us/textindexer/store/es/es.go:251.26,253.96 2 0
github.com/Waqas-Shah-42/Links-R-Us/textindexer/store/es/es.go:256.3,256.59 1 0
github.com/Waqas-Shah-42/Links-R-Us/textindexer/store/es/es.go:253.96,255.4 1 0
github.com/Waqas-Shah-42/Links-R-Us/textindexer/store/es/es.go:262.100,264.66 2 0
github.com/Waqas-Shah-42/Links-R-Us/textindexer/store/es/es.go:269.2,274.16 2 0
github.com/Waqas-Shah-42/Links-R-Us/textindexer/store/es/es.go:278.2,279.54 2 0
github.com/Waqas-Shah-42/Links-R-Us/textindexer/store/es/es.go:283.2,283.20 1 0
github.com/Waqas-Shah-42/Links-R-Us/textindexer/store/es/es.go:264.66,266.3 1 0
github.com/Waqas-Shah-42/Links-R-Us/textindexer/store/es/es.go:274.16,276.3 1 0
github.com/Waqas-Shah-42/Links-R-Us/textindexer/store/es/es.go:279.54,281.3 1 0
github.com/Waqas-Shah-42/Links-R-Us/textindexer/store/es/es.go:286.48,288.2 1 0
github.com/Waqas-Shah-42/Links-R-Us/textindexer/store/es/es.go:290.67,291.15 1 0
github.com/Waqas-Shah-42/Links-R-Us/textindexer/store/es/es.go:293.2,293.19 1 0
github.com/Waqas-Shah-42/Links-R-Us/textindexer/store/es/es.go:302.2,302.45 1 0
github.com/Waqas-Shah-42/Links-R-Us/textindexer/store/es/es.go:291.15,291.39 1 0
github.com/Waqas-Shah-42/Links-R-Us/textindexer/store/es/es.go:293.19,295.67 2 0
github.com/Waqas-Shah-42/Links-R-Us/textindexer/store/es/es.go:299.3,299.22 1 0
github.com/Waqas-Shah-42/Links-R-Us/textindexer/store/es/es.go:295.67,297.4 1 0
github.com/Waqas-Shah-42/Links-R-Us/textindexer/store/es/es.go:305.41,314.2 1 0
github.com/Waqas-Shah-42/Links-R-Us/textindexer/store/es/es.go:316.41,326.2 1 0
github.com/Waqas-Shah-42/Links-R-Us/textindexer/store/es/iterator.go:22.37,27.2 4 0
github.com/Waqas-Shah-42/Links-R-Us/textindexer/store/es/iterator.go:31.35,32.78 1 0
github.com/Waqas-Shah-42/Links-R-Us/textindexer/store/es/iterator.go:37.2,37.41 1 0
github.com/Waqas-Shah-42/Links-R-Us/textindexer/store/es/iterator.go:46.2,49.13 4 0
github.com/Waqas-Shah-42/Links-R-Us/textindexer/store/es/iterator.go:32.78,34.3 1 0
github.com/Waqas-Shah-42/Links-R-Us/textindexer/store/es/iterator.go:37.41,39.76 2 0
github.com/Waqas-Shah-42/Links-R-Us/textindexer/store/es/iterator.go:43.3,43.15 1 0
github.com/Waqas-Shah-42/Links-R-Us/textindexer/store/es/iterator.go:39.76,41.4 1 0
github.com/Waqas-Shah-42/Links-R-Us/textindexer/store/es/iterator.go:53.37,55.2 1 0
github.com/Waqas-Shah-42/Links-R-Us/textindexer/store/es/iterator.go:58.50,60.2 1 0
github.com/Waqas-Shah-42/Links-R-Us/textindexer/store/es/iterator.go:63.43,65.2 1 0
